TN:
SF:src/core/Game.ts
FN:12,<instance_members_initializer>
FN:43,Game
FN:66,init
FN:85,generateMap
FN:90,createMapObjects
FN:137,updateTerrainChunks
FN:191,getAllChunkRocks
FN:208,getAllRocks
FN:212,createVegetationMeshInChunk
FN:273,cleanupDistantChunks
FN:300,createVegetationMesh
FN:361,createLights
FN:379,createGround
FN:397,updateGround
FN:412,createPlayer
FN:417,spawnInitialEnemies
FN:425,spawnEnemyNearPlayer
FN:496,handleInput
FN:531,handleResize
FN:541,updateCamera
FN:551,animate
FN:564,collectItems
FN:595,checkBulletEnemyCollisions
FN:620,createKillEffect
FN:679,updateEffects
FN:725,checkEnemyPlayerCollisions
FN:743,checkEnemyBulletCollisions
FN:762,update
FNF:28
FNH:25
FNDA:9,<instance_members_initializer>
FNDA:9,Game
FNDA:3,init
FNDA:3,generateMap
FNDA:3,createMapObjects
FNDA:3,updateTerrainChunks
FNDA:27,getAllChunkRocks
FNDA:24,getAllRocks
FNDA:0,createVegetationMeshInChunk
FNDA:3,cleanupDistantChunks
FNDA:0,createVegetationMesh
FNDA:3,createLights
FNDA:3,createGround
FNDA:2,updateGround
FNDA:3,createPlayer
FNDA:3,spawnInitialEnemies
FNDA:24,spawnEnemyNearPlayer
FNDA:3,handleInput
FNDA:3,handleResize
FNDA:2,updateCamera
FNDA:2,animate
FNDA:2,collectItems
FNDA:2,checkBulletEnemyCollisions
FNDA:0,createKillEffect
FNDA:2,updateEffects
FNDA:2,checkEnemyPlayerCollisions
FNDA:2,checkEnemyBulletCollisions
FNDA:2,update
DA:1,1
DA:12,1
DA:13,9
DA:14,9
DA:15,9
DA:16,9
DA:17,9
DA:18,9
DA:19,9
DA:20,9
DA:21,9
DA:22,9
DA:23,9
DA:24,9
DA:25,9
DA:26,9
DA:27,9
DA:28,9
DA:29,9
DA:30,9
DA:31,9
DA:32,9
DA:33,9
DA:34,9
DA:35,9
DA:36,9
DA:37,9
DA:38,9
DA:39,9
DA:40,9
DA:41,9
DA:43,9
DA:44,9
DA:45,9
DA:47,9
DA:48,9
DA:49,9
DA:50,9
DA:52,9
DA:53,9
DA:54,9
DA:55,9
DA:56,9
DA:58,9
DA:59,9
DA:60,9
DA:61,9
DA:63,9
DA:64,9
DA:66,9
DA:67,3
DA:68,3
DA:69,3
DA:70,3
DA:71,3
DA:72,3
DA:73,3
DA:74,3
DA:75,3
DA:76,3
DA:77,3
DA:78,3
DA:79,3
DA:80,3
DA:81,3
DA:82,3
DA:83,3
DA:85,9
DA:86,3
DA:87,3
DA:88,3
DA:90,9
DA:91,3
DA:93,3
DA:94,0
DA:95,0
DA:96,0
DA:97,0
DA:98,0
DA:99,0
DA:100,0
DA:101,0
DA:102,0
DA:103,0
DA:105,3
DA:106,0
DA:107,0
DA:109,3
DA:110,0
DA:111,0
DA:112,0
DA:113,0
DA:114,0
DA:115,0
DA:116,0
DA:117,0
DA:118,0
DA:119,0
DA:121,3
DA:122,0
DA:123,0
DA:124,0
DA:125,0
DA:126,0
DA:127,0
DA:128,0
DA:129,0
DA:131,3
DA:132,3
DA:134,3
DA:135,3
DA:137,9
DA:138,3
DA:139,15
DA:140,75
DA:141,75
DA:142,75
DA:144,75
DA:146,75
DA:147,75
DA:148,75
DA:150,75
DA:151,0
DA:152,0
DA:153,0
DA:154,0
DA:155,0
DA:156,0
DA:157,0
DA:158,0
DA:159,0
DA:161,75
DA:162,0
DA:163,0
DA:165,75
DA:166,0
DA:167,0
DA:168,0
DA:169,0
DA:170,0
DA:171,0
DA:172,0
DA:173,0
DA:174,0
DA:175,0
DA:176,0
DA:177,0
DA:179,75
DA:180,75
DA:181,75
DA:182,15
DA:184,3
DA:185,3
DA:186,3
DA:188,3
DA:189,3
DA:191,9
DA:192,27
DA:193,27
DA:194,675
DA:195,0
DA:196,0
DA:197,0
DA:198,0
DA:199,0
DA:200,0
DA:201,0
DA:202,0
DA:203,675
DA:204,675
DA:205,27
DA:206,27
DA:208,9
DA:209,24
DA:210,24
DA:212,9
DA:213,0
DA:214,0
DA:215,0
DA:216,0
DA:217,0
DA:218,0
DA:219,0
DA:220,0
DA:221,0
DA:222,0
DA:223,0
DA:224,0
DA:225,0
DA:227,0
DA:228,0
DA:229,0
DA:230,0
DA:231,0
DA:232,0
DA:233,0
DA:235,0
DA:236,0
DA:237,0
DA:238,0
DA:239,0
DA:240,0
DA:241,0
DA:243,0
DA:244,0
DA:245,0
DA:246,0
DA:247,0
DA:248,0
DA:250,0
DA:251,0
DA:252,0
DA:253,0
DA:254,0
DA:255,0
DA:256,0
DA:257,0
DA:258,0
DA:259,0
DA:261,0
DA:262,0
DA:263,0
DA:264,0
DA:265,0
DA:266,0
DA:267,0
DA:268,0
DA:269,0
DA:270,0
DA:271,0
DA:273,9
DA:274,3
DA:275,3
DA:276,75
DA:277,75
DA:278,75
DA:279,75
DA:280,0
DA:281,0
DA:282,75
DA:283,3
DA:284,0
DA:285,0
DA:286,0
DA:287,0
DA:288,0
DA:289,0
DA:290,0
DA:291,0
DA:292,0
DA:293,0
DA:294,0
DA:295,0
DA:296,0
DA:297,0
DA:298,3
DA:300,9
DA:301,0
DA:302,0
DA:303,0
DA:304,0
DA:305,0
DA:306,0
DA:307,0
DA:308,0
DA:309,0
DA:310,0
DA:311,0
DA:312,0
DA:313,0
DA:315,0
DA:316,0
DA:317,0
DA:318,0
DA:319,0
DA:320,0
DA:321,0
DA:323,0
DA:324,0
DA:325,0
DA:326,0
DA:327,0
DA:328,0
DA:329,0
DA:331,0
DA:332,0
DA:333,0
DA:334,0
DA:335,0
DA:336,0
DA:338,0
DA:339,0
DA:340,0
DA:341,0
DA:342,0
DA:343,0
DA:344,0
DA:345,0
DA:346,0
DA:347,0
DA:349,0
DA:350,0
DA:351,0
DA:352,0
DA:353,0
DA:354,0
DA:355,0
DA:356,0
DA:357,0
DA:358,0
DA:359,0
DA:361,9
DA:362,3
DA:363,3
DA:365,3
DA:366,3
DA:367,3
DA:368,3
DA:369,3
DA:370,3
DA:371,3
DA:372,3
DA:373,3
DA:374,3
DA:375,3
DA:376,3
DA:377,3
DA:379,9
DA:380,3
DA:381,3
DA:383,3
DA:384,3
DA:385,3
DA:387,3
DA:388,3
DA:389,3
DA:390,3
DA:391,3
DA:392,3
DA:393,3
DA:394,3
DA:395,3
DA:397,9
DA:398,2
DA:399,2
DA:400,2
DA:402,2
DA:403,0
DA:404,0
DA:405,0
DA:406,2
DA:407,0
DA:408,0
DA:409,0
DA:410,2
DA:412,9
DA:413,3
DA:414,3
DA:415,3
DA:417,9
DA:418,3
DA:420,3
DA:421,24
DA:422,24
DA:423,3
DA:425,9
DA:426,24
DA:427,24
DA:428,24
DA:429,24
DA:430,24
DA:431,24
DA:432,24
DA:433,24
DA:434,24
DA:435,24
DA:436,24
DA:437,24
DA:438,24
DA:451,24
DA:452,24
DA:453,24
DA:454,24
DA:455,24
DA:456,24
DA:457,24
DA:458,24
DA:459,24
DA:460,24
DA:461,24
DA:462,24
DA:463,24
DA:464,24
DA:465,24
DA:466,24
DA:468,24
DA:469,24
DA:470,24
DA:471,24
DA:472,24
DA:473,24
DA:474,24
DA:475,24
DA:476,24
DA:477,24
DA:478,24
DA:479,24
DA:480,24
DA:481,24
DA:483,24
DA:484,24
DA:485,24
DA:486,24
DA:488,24
DA:489,24
DA:490,24
DA:491,24
DA:492,24
DA:493,24
DA:494,24
DA:496,9
DA:497,3
DA:498,0
DA:500,0
DA:501,0
DA:502,0
DA:503,0
DA:505,0
DA:506,0
DA:507,0
DA:508,0
DA:509,0
DA:510,3
DA:512,3
DA:513,0
DA:514,0
DA:515,0
DA:516,0
DA:517,0
DA:518,0
DA:519,0
DA:520,0
DA:521,0
DA:522,0
DA:523,0
DA:524,0
DA:525,0
DA:526,0
DA:527,0
DA:528,3
DA:529,3
DA:531,9
DA:532,3
DA:533,0
DA:534,0
DA:535,0
DA:537,0
DA:538,3
DA:539,3
DA:541,9
DA:542,2
DA:543,2
DA:545,2
DA:546,2
DA:547,2
DA:548,2
DA:549,2
DA:551,9
DA:552,2
DA:554,2
DA:555,0
DA:556,0
DA:557,0
DA:559,2
DA:560,2
DA:561,2
DA:562,2
DA:564,9
DA:565,2
DA:567,2
DA:568,0
DA:569,0
DA:571,2
DA:572,0
DA:573,0
DA:574,0
DA:575,0
DA:576,0
DA:577,0
DA:578,0
DA:579,0
DA:580,0
DA:581,0
DA:582,0
DA:583,0
DA:584,0
DA:585,0
DA:586,0
DA:587,0
DA:588,0
DA:589,0
DA:590,0
DA:591,0
DA:592,0
DA:593,2
DA:595,9
DA:596,2
DA:597,2
DA:599,2
DA:600,0
DA:601,0
DA:602,0
DA:603,0
DA:604,0
DA:605,0
DA:606,0
DA:608,0
DA:609,0
DA:610,0
DA:611,0
DA:612,0
DA:613,0
DA:614,0
DA:615,0
DA:616,2
DA:618,9
DA:620,9
DA:621,0
DA:622,0
DA:623,0
DA:624,0
DA:625,0
DA:627,0
DA:628,0
DA:629,0
DA:630,0
DA:632,0
DA:633,0
DA:634,0
DA:635,0
DA:636,0
DA:638,0
DA:639,0
DA:640,0
DA:641,0
DA:642,0
DA:643,0
DA:644,0
DA:646,0
DA:647,0
DA:649,0
DA:650,0
DA:651,0
DA:652,0
DA:653,0
DA:654,0
DA:655,0
DA:656,0
DA:658,0
DA:659,0
DA:660,0
DA:661,0
DA:663,0
DA:664,0
DA:665,0
DA:666,0
DA:667,0
DA:668,0
DA:669,0
DA:670,0
DA:671,0
DA:672,0
DA:673,0
DA:674,0
DA:675,0
DA:676,0
DA:677,0
DA:679,9
DA:680,2
DA:682,2
DA:683,0
DA:684,0
DA:685,0
DA:686,0
DA:687,0
DA:688,0
DA:689,0
DA:691,0
DA:692,0
DA:693,0
DA:694,0
DA:695,0
DA:697,0
DA:698,0
DA:700,0
DA:701,0
DA:702,0
DA:703,0
DA:704,0
DA:705,0
DA:707,0
DA:708,0
DA:709,0
DA:711,0
DA:712,0
DA:713,0
DA:714,0
DA:716,2
DA:717,0
DA:718,0
DA:719,0
DA:720,0
DA:721,0
DA:722,0
DA:723,2
DA:725,9
DA:726,2
DA:727,2
DA:729,2
DA:730,0
DA:731,0
DA:732,0
DA:733,0
DA:734,0
DA:735,0
DA:736,0
DA:737,0
DA:738,0
DA:739,0
DA:740,0
DA:741,2
DA:743,9
DA:744,2
DA:745,2
DA:747,2
DA:748,0
DA:749,0
DA:750,0
DA:751,0
DA:752,0
DA:753,0
DA:754,0
DA:755,0
DA:756,0
DA:757,0
DA:758,0
DA:759,0
DA:760,2
DA:762,9
DA:763,2
DA:764,2
DA:766,2
DA:767,0
DA:768,0
DA:769,0
DA:770,0
DA:772,2
DA:773,2
DA:775,2
DA:776,2
DA:777,2
DA:778,2
DA:779,2
DA:780,2
DA:782,2
DA:783,2
DA:784,2
DA:785,2
DA:787,2
DA:788,2
DA:789,2
DA:790,2
DA:791,2
DA:792,2
DA:793,2
DA:794,2
DA:795,2
DA:797,2
DA:798,2
DA:799,0
DA:800,0
DA:802,0
DA:803,0
DA:804,0
DA:805,0
DA:806,2
DA:807,9
LF:687
LH:310
BRDA:12,0,0,9
BRDA:43,1,0,9
BRDA:66,2,0,3
BRDA:85,3,0,3
BRDA:90,4,0,3
BRDA:93,5,0,0
BRDA:105,6,0,0
BRDA:109,7,0,0
BRDA:121,8,0,0
BRDA:137,9,0,3
BRDA:138,10,0,15
BRDA:139,11,0,75
BRDA:144,12,0,0
BRDA:150,13,0,0
BRDA:161,14,0,0
BRDA:165,15,0,0
BRDA:191,16,0,27
BRDA:193,17,0,675
BRDA:208,18,0,24
BRDA:273,19,0,3
BRDA:275,20,0,75
BRDA:279,21,0,0
BRDA:283,22,0,0
BRDA:361,23,0,3
BRDA:379,24,0,3
BRDA:397,25,0,2
BRDA:402,26,0,0
BRDA:406,27,0,0
BRDA:412,28,0,3
BRDA:417,29,0,3
BRDA:420,30,0,24
BRDA:425,31,0,24
BRDA:496,32,0,3
BRDA:531,33,0,3
BRDA:541,34,0,2
BRDA:551,35,0,2
BRDA:554,36,0,0
BRDA:564,37,0,2
BRDA:567,38,0,0
BRDA:571,39,0,0
BRDA:595,40,0,2
BRDA:599,41,0,0
BRDA:679,42,0,2
BRDA:682,43,0,0
BRDA:716,44,0,0
BRDA:725,45,0,2
BRDA:729,46,0,0
BRDA:743,47,0,2
BRDA:747,48,0,0
BRDA:762,49,0,2
BRDA:766,50,0,0
BRDA:798,51,0,0
BRF:52
BRH:30
end_of_record
TN:
SF:src/entities/Enemy.ts
FN:37,<instance_members_initializer>
FN:67,Enemy
FN:95,buildModel
FN:114,buildGoblin
FN:170,buildOrc
FN:224,buildSlime
FN:258,buildBat
FN:306,setRocks
FN:310,setRangedAttackCallback
FN:316,update
FN:355,animate
FN:370,patrol
FN:388,chase
FN:401,checkRockCollision
FN:411,handleAttack
FN:415,handleRangedAttack
FN:430,canAttack
FN:434,attack
FN:438,takeDamage
FN:459,getPosition
FN:464,<instance_members_initializer>
FN:468,EnemyManager
FN:472,spawn
FN:490,update
FN:496,setRocks
FN:502,setRangedAttackCallback
FN:510,spawnAt
FN:517,spawnAtWithCallback
FN:530,getEnemies
FN:534,remove
FNF:30
FNH:26
FNDA:29,<instance_members_initializer>
FNDA:29,Enemy
FNDA:29,buildModel
FNDA:23,buildGoblin
FNDA:4,buildOrc
FNDA:1,buildSlime
FNDA:1,buildBat
FNDA:15,setRocks
FNDA:0,setRangedAttackCallback
FNDA:6,update
FNDA:6,animate
FNDA:4,patrol
FNDA:1,chase
FNDA:5,checkRockCollision
FNDA:1,handleAttack
FNDA:0,handleRangedAttack
FNDA:2,canAttack
FNDA:1,attack
FNDA:3,takeDamage
FNDA:9,getPosition
FNDA:7,<instance_members_initializer>
FNDA:7,EnemyManager
FNDA:7,spawn
FNDA:1,update
FNDA:1,setRocks
FNDA:0,setRangedAttackCallback
FNDA:5,spawnAt
FNDA:0,spawnAtWithCallback
FNDA:8,getEnemies
FNDA:1,remove
DA:1,1
DA:3,1
DA:4,1
DA:5,1
DA:6,1
DA:7,1
DA:10,1
DA:11,1
DA:12,1
DA:13,1
DA:14,1
DA:37,1
DA:38,29
DA:39,29
DA:40,29
DA:41,29
DA:42,29
DA:43,29
DA:44,29
DA:45,29
DA:46,29
DA:47,29
DA:48,29
DA:49,29
DA:50,29
DA:51,29
DA:52,29
DA:53,29
DA:54,29
DA:55,29
DA:56,29
DA:57,29
DA:58,29
DA:59,29
DA:60,29
DA:61,29
DA:67,29
DA:68,29
DA:69,29
DA:70,29
DA:71,29
DA:72,29
DA:74,29
DA:75,29
DA:76,29
DA:77,29
DA:78,29
DA:79,29
DA:80,29
DA:81,29
DA:83,29
DA:84,29
DA:85,29
DA:86,29
DA:88,29
DA:89,29
DA:90,29
DA:91,29
DA:92,29
DA:93,29
DA:95,29
DA:96,29
DA:97,29
DA:98,23
DA:99,23
DA:100,29
DA:101,4
DA:102,4
DA:103,29
DA:104,1
DA:105,1
DA:106,29
DA:107,1
DA:108,1
DA:109,29
DA:110,0
DA:111,29
DA:112,29
DA:114,29
DA:115,23
DA:116,23
DA:117,23
DA:118,23
DA:119,23
DA:120,23
DA:122,23
DA:123,23
DA:124,23
DA:125,23
DA:126,23
DA:127,23
DA:129,23
DA:130,23
DA:131,23
DA:132,23
DA:133,23
DA:134,23
DA:135,23
DA:136,23
DA:138,23
DA:139,23
DA:140,23
DA:141,23
DA:142,23
DA:143,23
DA:144,23
DA:145,23
DA:146,23
DA:147,23
DA:149,23
DA:150,23
DA:151,23
DA:152,23
DA:153,23
DA:154,23
DA:155,23
DA:156,23
DA:157,23
DA:158,23
DA:160,23
DA:161,23
DA:162,23
DA:163,23
DA:164,23
DA:165,23
DA:166,23
DA:167,23
DA:168,23
DA:170,29
DA:171,4
DA:172,4
DA:173,4
DA:174,4
DA:175,4
DA:176,4
DA:178,4
DA:179,4
DA:180,4
DA:181,4
DA:182,4
DA:183,4
DA:185,4
DA:186,4
DA:187,4
DA:188,4
DA:189,4
DA:190,4
DA:191,4
DA:192,4
DA:193,4
DA:194,4
DA:196,4
DA:197,4
DA:198,4
DA:199,4
DA:200,4
DA:201,4
DA:202,4
DA:203,4
DA:205,4
DA:206,4
DA:207,4
DA:208,4
DA:209,4
DA:210,4
DA:211,4
DA:212,4
DA:213,4
DA:214,4
DA:216,4
DA:217,4
DA:218,4
DA:219,4
DA:220,4
DA:221,4
DA:222,4
DA:224,29
DA:225,1
DA:226,1
DA:227,1
DA:228,1
DA:229,1
DA:230,1
DA:231,1
DA:232,1
DA:233,1
DA:234,1
DA:235,1
DA:236,1
DA:238,1
DA:239,1
DA:240,1
DA:241,1
DA:242,1
DA:243,1
DA:244,1
DA:245,1
DA:246,1
DA:248,1
DA:249,1
DA:250,1
DA:251,1
DA:252,1
DA:253,1
DA:254,1
DA:255,1
DA:256,1
DA:258,29
DA:259,1
DA:260,1
DA:261,1
DA:262,1
DA:263,1
DA:264,1
DA:265,1
DA:267,1
DA:268,1
DA:269,1
DA:270,1
DA:271,1
DA:273,1
DA:274,1
DA:275,1
DA:276,1
DA:277,1
DA:278,1
DA:279,1
DA:280,1
DA:282,1
DA:283,1
DA:284,1
DA:285,1
DA:286,1
DA:287,1
DA:288,1
DA:289,1
DA:290,1
DA:291,1
DA:292,1
DA:293,1
DA:294,1
DA:296,1
DA:297,1
DA:298,1
DA:299,1
DA:300,1
DA:301,1
DA:302,1
DA:303,1
DA:304,1
DA:306,29
DA:307,15
DA:308,15
DA:310,29
DA:311,0
DA:312,0
DA:313,0
DA:314,0
DA:316,29
DA:317,6
DA:318,6
DA:320,6
DA:322,6
DA:323,1
DA:324,1
DA:325,1
DA:326,1
DA:327,6
DA:328,0
DA:329,0
DA:330,5
DA:331,1
DA:332,1
DA:333,1
DA:334,1
DA:335,5
DA:336,0
DA:337,0
DA:338,0
DA:339,0
DA:340,0
DA:341,0
DA:342,0
DA:343,0
DA:344,0
DA:345,4
DA:346,3
DA:347,3
DA:348,3
DA:349,4
DA:350,1
DA:351,1
DA:352,1
DA:353,6
DA:355,29
DA:356,6
DA:357,0
DA:358,0
DA:359,0
DA:360,6
DA:361,0
DA:362,0
DA:363,0
DA:364,0
DA:365,0
DA:366,0
DA:367,0
DA:368,6
DA:370,29
DA:371,4
DA:373,4
DA:374,0
DA:375,4
DA:376,4
DA:377,4
DA:378,4
DA:380,4
DA:381,4
DA:382,4
DA:383,4
DA:384,4
DA:385,4
DA:386,4
DA:388,29
DA:389,1
DA:391,1
DA:392,1
DA:394,1
DA:395,1
DA:396,1
DA:397,1
DA:398,1
DA:399,1
DA:401,29
DA:402,5
DA:403,0
DA:404,0
DA:405,0
DA:406,0
DA:407,0
DA:408,5
DA:409,5
DA:411,29
DA:412,1
DA:413,1
DA:415,29
DA:416,0
DA:417,0
DA:418,0
DA:420,0
DA:421,0
DA:422,0
DA:423,0
DA:424,0
DA:425,0
DA:426,0
DA:427,0
DA:428,0
DA:430,29
DA:431,2
DA:432,2
DA:434,29
DA:435,1
DA:436,1
DA:438,29
DA:439,3
DA:440,3
DA:441,3
DA:443,3
DA:444,3
DA:445,3
DA:446,3
DA:447,3
DA:449,3
DA:450,0
DA:451,3
DA:452,3
DA:453,3
DA:454,3
DA:456,3
DA:457,3
DA:459,29
DA:460,9
DA:461,9
DA:462,29
DA:464,1
DA:465,7
DA:466,7
DA:468,7
DA:469,7
DA:470,7
DA:472,7
DA:473,7
DA:474,7
DA:475,7
DA:476,8
DA:477,8
DA:478,8
DA:479,8
DA:480,7
DA:482,7
DA:484,7
DA:485,7
DA:486,7
DA:487,7
DA:488,7
DA:490,7
DA:491,1
DA:492,2
DA:493,2
DA:494,1
DA:496,7
DA:497,1
DA:498,2
DA:499,2
DA:500,1
DA:502,7
DA:503,0
DA:504,0
DA:505,0
DA:506,0
DA:507,0
DA:508,0
DA:510,7
DA:511,5
DA:512,5
DA:513,5
DA:514,5
DA:515,5
DA:517,7
DA:518,0
DA:519,0
DA:520,0
DA:521,0
DA:522,0
DA:523,0
DA:524,0
DA:525,0
DA:526,0
DA:527,0
DA:528,0
DA:530,7
DA:531,8
DA:532,8
DA:534,7
DA:535,1
DA:536,1
DA:537,1
DA:538,1
DA:539,7
LF:450
LH:388
BRDA:3,0,0,2
BRDA:10,1,0,2
BRDA:37,2,0,29
BRDA:67,3,0,29
BRDA:95,4,0,29
BRDA:97,5,0,23
BRDA:100,6,0,4
BRDA:103,7,0,1
BRDA:106,8,0,1
BRDA:109,9,0,0
BRDA:114,10,0,23
BRDA:170,11,0,4
BRDA:224,12,0,1
BRDA:258,13,0,1
BRDA:306,14,0,15
BRDA:316,15,0,6
BRDA:322,16,0,1
BRDA:327,17,0,5
BRDA:327,18,0,0
BRDA:327,19,0,0
BRDA:327,20,0,0
BRDA:330,21,0,1
BRDA:335,22,0,4
BRDA:335,23,0,0
BRDA:335,24,0,0
BRDA:345,25,0,3
BRDA:349,26,0,1
BRDA:355,27,0,6
BRDA:356,28,0,0
BRDA:360,29,0,0
BRDA:370,30,0,4
BRDA:373,31,0,0
BRDA:388,32,0,1
BRDA:401,33,0,5
BRDA:402,34,0,0
BRDA:411,35,0,1
BRDA:430,36,0,2
BRDA:434,37,0,1
BRDA:438,38,0,3
BRDA:459,39,0,9
BRDA:464,40,0,7
BRDA:468,41,0,7
BRDA:472,42,0,7
BRDA:475,43,0,8
BRDA:480,44,0,1
BRDA:482,45,0,0
BRDA:490,46,0,1
BRDA:491,47,0,2
BRDA:496,48,0,1
BRDA:497,49,0,2
BRDA:510,50,0,5
BRDA:530,51,0,8
BRDA:534,52,0,1
BRF:53
BRH:42
end_of_record
TN:
SF:src/entities/Player.ts
FN:18,<instance_members_initializer>
FN:30,Player
FN:245,updateAnimation
FN:256,triggerRecoil
FN:268,setRocks
FN:272,setRockMeshes
FN:276,setupInput
FN:291,update
FN:336,takeDamage
FN:341,heal
FN:345,applySpeedBoost
FN:354,getDirection
FN:360,getMuzzlePosition
FNF:13
FNH:10
FNDA:16,<instance_members_initializer>
FNDA:16,Player
FNDA:1,updateAnimation
FNDA:1,triggerRecoil
FNDA:1,setRocks
FNDA:0,setRockMeshes
FNDA:16,setupInput
FNDA:0,update
FNDA:6,takeDamage
FNDA:3,heal
FNDA:0,applySpeedBoost
FNDA:3,getDirection
FNDA:1,getMuzzlePosition
DA:1,1
DA:18,1
DA:19,16
DA:20,16
DA:21,16
DA:22,16
DA:23,16
DA:25,16
DA:26,16
DA:27,16
DA:28,16
DA:30,16
DA:31,16
DA:33,16
DA:34,16
DA:35,16
DA:36,16
DA:37,16
DA:38,16
DA:39,16
DA:40,16
DA:41,16
DA:42,16
DA:44,16
DA:45,16
DA:46,16
DA:47,16
DA:48,16
DA:49,16
DA:50,16
DA:51,16
DA:52,16
DA:53,16
DA:55,16
DA:56,16
DA:57,16
DA:58,16
DA:59,16
DA:60,16
DA:61,16
DA:62,16
DA:63,16
DA:64,16
DA:66,16
DA:67,16
DA:68,16
DA:69,16
DA:70,16
DA:71,16
DA:72,16
DA:73,16
DA:74,16
DA:75,16
DA:76,16
DA:78,16
DA:79,16
DA:80,16
DA:81,16
DA:82,16
DA:83,16
DA:84,16
DA:85,16
DA:86,16
DA:88,16
DA:89,16
DA:90,16
DA:91,16
DA:92,16
DA:93,16
DA:94,16
DA:95,16
DA:96,16
DA:97,16
DA:98,16
DA:99,16
DA:100,16
DA:101,16
DA:103,16
DA:104,16
DA:105,16
DA:106,16
DA:107,16
DA:108,16
DA:109,16
DA:110,16
DA:111,16
DA:112,16
DA:113,16
DA:115,16
DA:116,16
DA:117,16
DA:118,16
DA:119,16
DA:121,16
DA:122,16
DA:123,16
DA:124,16
DA:125,16
DA:126,16
DA:128,16
DA:129,16
DA:130,16
DA:131,16
DA:132,16
DA:133,16
DA:135,16
DA:136,16
DA:137,16
DA:138,16
DA:139,16
DA:140,16
DA:142,16
DA:143,16
DA:144,16
DA:145,16
DA:146,16
DA:147,16
DA:148,16
DA:149,16
DA:150,16
DA:152,16
DA:153,16
DA:154,16
DA:155,16
DA:156,16
DA:157,16
DA:158,16
DA:159,16
DA:160,16
DA:161,16
DA:162,16
DA:163,16
DA:165,16
DA:166,16
DA:167,16
DA:169,16
DA:170,16
DA:171,16
DA:172,16
DA:173,16
DA:175,16
DA:176,16
DA:177,16
DA:178,16
DA:179,16
DA:180,16
DA:181,16
DA:182,16
DA:184,16
DA:185,16
DA:186,16
DA:187,16
DA:188,16
DA:189,16
DA:190,16
DA:191,16
DA:192,16
DA:193,16
DA:195,16
DA:196,16
DA:197,16
DA:198,16
DA:199,16
DA:200,16
DA:201,16
DA:202,16
DA:204,16
DA:205,16
DA:206,16
DA:207,16
DA:208,16
DA:209,16
DA:211,16
DA:212,16
DA:213,16
DA:214,16
DA:215,16
DA:216,16
DA:217,16
DA:218,16
DA:220,16
DA:221,16
DA:222,16
DA:223,16
DA:224,16
DA:225,16
DA:226,16
DA:227,16
DA:228,16
DA:229,16
DA:230,16
DA:232,16
DA:234,16
DA:235,16
DA:236,16
DA:237,16
DA:238,16
DA:239,16
DA:240,16
DA:242,16
DA:243,16
DA:245,16
DA:246,1
DA:248,1
DA:249,1
DA:250,1
DA:251,1
DA:252,1
DA:253,1
DA:254,1
DA:256,16
DA:257,1
DA:258,1
DA:259,1
DA:260,1
DA:262,1
DA:263,0
DA:264,1
DA:265,1
DA:266,1
DA:268,16
DA:269,1
DA:270,1
DA:272,16
DA:274,0
DA:276,16
DA:277,16
DA:278,0
DA:279,16
DA:281,16
DA:282,0
DA:283,16
DA:285,16
DA:286,0
DA:287,0
DA:288,16
DA:289,16
DA:291,16
DA:292,0
DA:294,0
DA:296,0
DA:297,0
DA:298,0
DA:299,0
DA:301,0
DA:302,0
DA:303,0
DA:304,0
DA:306,0
DA:307,0
DA:308,0
DA:309,0
DA:310,0
DA:311,0
DA:312,0
DA:313,0
DA:315,0
DA:316,0
DA:317,0
DA:318,0
DA:319,0
DA:321,0
DA:322,0
DA:323,0
DA:324,0
DA:325,0
DA:327,0
DA:328,0
DA:329,0
DA:330,0
DA:331,0
DA:333,0
DA:334,0
DA:336,16
DA:337,6
DA:338,6
DA:339,6
DA:341,16
DA:342,3
DA:343,3
DA:345,16
DA:346,0
DA:347,0
DA:349,0
DA:350,0
DA:351,0
DA:352,0
DA:354,16
DA:355,3
DA:356,3
DA:357,3
DA:358,3
DA:360,16
DA:361,1
DA:362,1
DA:363,1
DA:364,1
DA:365,1
DA:366,1
DA:367,16
LF:300
LH:253
BRDA:18,0,0,16
BRDA:30,1,0,16
BRDA:245,2,0,1
BRDA:256,3,0,1
BRDA:268,4,0,1
BRDA:276,5,0,16
BRDA:336,6,0,6
BRDA:341,7,0,3
BRDA:354,8,0,3
BRDA:360,9,0,1
BRF:10
BRH:10
end_of_record
TN:
SF:src/systems/AudioManager.ts
FN:1,<instance_members_initializer>
FN:8,AudioManager
FN:12,initContext
FN:15,document.addEventListener.once
FN:28,createMixer
FN:40,playShoot
FN:60,playHit
FN:80,playPickup
FN:100,playEnemyAttack
FN:120,startBGM
FN:127,playNote
FN:155,stopBGM
FN:162,toggleMute
FN:170,setMuted
FNF:14
FNH:14
FNDA:41,<instance_members_initializer>
FNDA:41,AudioManager
FNDA:41,initContext
FNDA:31,document.addEventListener.once
FNDA:31,createMixer
FNDA:11,playShoot
FNDA:5,playHit
FNDA:5,playPickup
FNDA:5,playEnemyAttack
FNDA:4,startBGM
FNDA:3,playNote
FNDA:2,stopBGM
FNDA:9,toggleMute
FNDA:12,setMuted
DA:1,1
DA:2,41
DA:3,41
DA:4,41
DA:5,41
DA:6,41
DA:8,41
DA:9,41
DA:10,41
DA:12,41
DA:13,41
DA:14,41
DA:15,41
DA:16,31
DA:17,31
DA:18,31
DA:19,0
DA:20,31
DA:21,31
DA:22,31
DA:23,31
DA:24,41
DA:25,41
DA:26,41
DA:28,41
DA:29,31
DA:31,31
DA:32,31
DA:33,31
DA:35,31
DA:36,31
DA:37,31
DA:38,31
DA:40,41
DA:41,11
DA:43,7
DA:44,7
DA:46,7
DA:47,7
DA:48,7
DA:50,7
DA:51,7
DA:53,7
DA:54,7
DA:56,7
DA:57,7
DA:58,11
DA:60,41
DA:61,5
DA:63,3
DA:64,3
DA:66,3
DA:67,3
DA:68,3
DA:70,3
DA:71,3
DA:73,3
DA:74,3
DA:76,3
DA:77,3
DA:78,5
DA:80,41
DA:81,5
DA:83,3
DA:84,3
DA:86,3
DA:87,3
DA:88,3
DA:90,3
DA:91,3
DA:93,3
DA:94,3
DA:96,3
DA:97,3
DA:98,5
DA:100,41
DA:101,5
DA:103,3
DA:104,3
DA:106,3
DA:107,3
DA:108,3
DA:110,3
DA:111,3
DA:113,3
DA:114,3
DA:116,3
DA:117,3
DA:118,5
DA:120,41
DA:121,4
DA:123,3
DA:124,3
DA:125,3
DA:127,3
DA:128,3
DA:130,2
DA:131,2
DA:133,2
DA:134,2
DA:136,2
DA:137,2
DA:138,2
DA:140,2
DA:141,2
DA:143,2
DA:144,2
DA:146,2
DA:147,2
DA:148,2
DA:149,2
DA:150,3
DA:152,3
DA:153,4
DA:155,41
DA:156,2
DA:157,1
DA:158,1
DA:159,1
DA:160,2
DA:162,41
DA:163,9
DA:164,9
DA:165,3
DA:166,3
DA:167,9
DA:168,9
DA:170,41
DA:171,12
DA:172,12
DA:173,9
DA:174,9
DA:175,12
DA:176,41
LF:134
LH:133
BRDA:1,0,0,41
BRDA:8,1,0,41
BRDA:12,2,0,41
BRDA:15,3,0,31
BRDA:18,4,0,0
BRDA:28,5,0,31
BRDA:29,6,0,0
BRDA:40,7,0,11
BRDA:41,8,0,10
BRDA:41,9,0,10
BRDA:41,10,0,4
BRDA:41,11,0,7
BRDA:60,12,0,5
BRDA:61,13,0,2
BRDA:61,14,0,3
BRDA:80,15,0,5
BRDA:81,16,0,2
BRDA:81,17,0,3
BRDA:100,18,0,5
BRDA:101,19,0,2
BRDA:101,20,0,3
BRDA:120,21,0,4
BRDA:121,22,0,1
BRDA:121,23,0,3
BRDA:127,24,0,3
BRDA:128,25,0,1
BRDA:128,26,0,2
BRDA:155,27,0,2
BRDA:156,28,0,1
BRDA:162,29,0,9
BRDA:164,30,0,3
BRDA:165,31,0,2
BRDA:165,32,0,1
BRDA:170,33,0,12
BRDA:172,34,0,9
BRDA:173,35,0,8
BRDA:173,36,0,1
BRF:37
BRH:35
end_of_record
TN:
SF:src/systems/BulletSystem.ts
FN:12,<instance_members_initializer>
FN:20,Bullet
FN:49,update
FN:73,getPosition
FN:77,getTrail
FN:82,<instance_members_initializer>
FN:86,BulletManager
FN:90,fire
FN:98,update
FN:117,getBullets
FN:121,remove
FNF:11
FNH:11
FNDA:19,<instance_members_initializer>
FNDA:19,Bullet
FNDA:31,update
FNDA:1,getPosition
FNDA:17,getTrail
FNDA:6,<instance_members_initializer>
FNDA:6,BulletManager
FNDA:8,fire
FNDA:5,update
FNDA:6,getBullets
FNDA:1,remove
DA:1,1
DA:12,1
DA:13,19
DA:14,19
DA:15,19
DA:16,19
DA:17,19
DA:18,19
DA:20,19
DA:21,19
DA:22,19
DA:23,19
DA:24,19
DA:25,19
DA:27,19
DA:28,19
DA:29,19
DA:30,19
DA:31,19
DA:32,19
DA:33,19
DA:34,19
DA:35,19
DA:36,19
DA:37,19
DA:39,19
DA:40,19
DA:41,19
DA:42,19
DA:43,19
DA:44,19
DA:45,19
DA:46,19
DA:47,19
DA:49,19
DA:50,31
DA:51,31
DA:52,31
DA:53,31
DA:55,31
DA:56,31
DA:57,5
DA:58,5
DA:60,31
DA:61,31
DA:62,212
DA:63,212
DA:64,212
DA:65,212
DA:66,31
DA:67,31
DA:69,31
DA:70,31
DA:71,31
DA:73,19
DA:74,1
DA:75,1
DA:77,19
DA:78,17
DA:79,17
DA:80,19
DA:82,1
DA:83,6
DA:84,6
DA:86,6
DA:87,6
DA:88,6
DA:90,6
DA:91,8
DA:92,8
DA:93,8
DA:94,8
DA:95,8
DA:96,8
DA:98,6
DA:99,5
DA:101,5
DA:102,2
DA:103,1
DA:104,1
DA:105,2
DA:107,5
DA:108,1
DA:109,1
DA:110,1
DA:111,1
DA:112,1
DA:113,1
DA:114,1
DA:115,5
DA:117,6
DA:118,6
DA:119,6
DA:121,6
DA:122,1
DA:123,1
DA:124,1
DA:125,1
DA:126,1
DA:127,1
DA:128,1
DA:129,6
LF:102
LH:102
BRDA:12,0,0,19
BRDA:20,1,0,19
BRDA:49,2,0,31
BRDA:56,3,0,5
BRDA:61,4,0,212
BRDA:70,5,0,30
BRDA:73,6,0,1
BRDA:77,7,0,17
BRDA:82,8,0,6
BRDA:86,9,0,6
BRDA:90,10,0,8
BRDA:98,11,0,5
BRDA:101,12,0,2
BRDA:102,13,0,1
BRDA:107,14,0,1
BRDA:117,15,0,6
BRDA:121,16,0,1
BRF:17
BRH:17
end_of_record
TN:
SF:src/systems/ItemSystem.ts
FN:18,<instance_members_initializer>
FN:23,Item
FN:80,update
FN:85,getPosition
FN:90,<instance_members_initializer>
FN:94,ItemManager
FN:98,spawn
FN:105,spawnAtEnemyDeath
FN:143,update
FN:149,getItems
FN:153,remove
FN:159,getItemsInRange
FN:163,collectItemsInRange
FNF:13
FNH:11
FNDA:22,<instance_members_initializer>
FNDA:22,Item
FNDA:0,update
FNDA:10,getPosition
FNDA:10,<instance_members_initializer>
FNDA:10,ItemManager
FNDA:14,spawn
FNDA:5,spawnAtEnemyDeath
FNDA:0,update
FNDA:8,getItems
FNDA:3,remove
FNDA:3,getItemsInRange
FNDA:2,collectItemsInRange
DA:1,1
DA:4,1
DA:5,1
DA:6,1
DA:7,1
DA:8,1
DA:9,1
DA:10,1
DA:18,1
DA:19,22
DA:20,22
DA:21,22
DA:23,22
DA:24,22
DA:25,22
DA:26,22
DA:27,22
DA:28,22
DA:29,22
DA:30,22
DA:31,22
DA:33,22
DA:34,22
DA:35,3
DA:36,22
DA:37,1
DA:38,19
DA:39,18
DA:40,18
DA:42,22
DA:43,22
DA:44,22
DA:45,22
DA:46,22
DA:47,22
DA:48,22
DA:49,22
DA:50,22
DA:51,22
DA:53,22
DA:54,4
DA:55,4
DA:56,4
DA:57,4
DA:58,4
DA:59,4
DA:60,4
DA:61,4
DA:62,4
DA:63,4
DA:64,4
DA:65,4
DA:67,22
DA:68,22
DA:69,22
DA:70,22
DA:71,22
DA:72,22
DA:73,22
DA:74,22
DA:75,22
DA:77,22
DA:78,22
DA:80,22
DA:81,0
DA:82,0
DA:83,0
DA:85,22
DA:86,10
DA:87,10
DA:88,22
DA:90,1
DA:91,10
DA:92,10
DA:94,10
DA:95,10
DA:96,10
DA:98,10
DA:99,14
DA:100,14
DA:101,14
DA:102,14
DA:103,14
DA:105,10
DA:106,5
DA:108,5
DA:109,5
DA:110,2
DA:111,2
DA:112,2
DA:113,2
DA:114,5
DA:115,1
DA:116,1
DA:117,1
DA:118,1
DA:119,5
DA:120,1
DA:121,1
DA:122,1
DA:123,1
DA:124,5
DA:125,1
DA:126,1
DA:127,1
DA:128,1
DA:129,5
DA:131,5
DA:132,5
DA:133,5
DA:134,12
DA:135,12
DA:136,5
DA:137,5
DA:138,5
DA:139,12
DA:140,0
DA:141,5
DA:143,10
DA:144,0
DA:145,0
DA:146,0
DA:147,0
DA:149,10
DA:150,8
DA:151,8
DA:153,10
DA:154,3
DA:155,3
DA:156,3
DA:157,3
DA:159,10
DA:160,3
DA:161,3
DA:163,10
DA:164,2
DA:165,2
DA:167,2
DA:168,2
DA:169,2
DA:170,2
DA:172,2
DA:173,2
DA:174,10
LF:144
LH:136
BRDA:4,0,0,1
BRDA:18,1,0,22
BRDA:23,2,0,22
BRDA:34,3,0,3
BRDA:36,4,0,19
BRDA:36,5,0,1
BRDA:38,6,0,18
BRDA:46,7,0,19
BRDA:47,8,0,19
BRDA:47,9,0,4
BRDA:47,10,0,18
BRDA:53,11,0,19
BRDA:53,12,0,4
BRDA:56,13,0,3
BRDA:56,14,0,1
BRDA:57,15,0,3
BRDA:57,16,0,1
BRDA:85,17,0,10
BRDA:90,18,0,10
BRDA:94,19,0,10
BRDA:98,20,0,14
BRDA:105,21,0,5
BRDA:109,22,0,2
BRDA:114,23,0,1
BRDA:119,24,0,1
BRDA:124,25,0,1
BRDA:133,26,0,12
BRDA:135,27,0,5
BRDA:139,28,0,0
BRDA:149,29,0,8
BRDA:153,30,0,3
BRDA:159,31,0,3
BRDA:160,32,0,7
BRDA:163,33,0,2
BRF:34
BRH:33
end_of_record
TN:
SF:src/systems/MapGenerator.ts
FN:1,<instance_members_initializer>
FN:4,SeededRandom
FN:8,next
FN:13,nextInt
FN:17,shuffle
FN:63,<instance_members_initializer>
FN:68,MapGenerator
FN:73,generate
FN:83,generateChunk
FN:101,generateRocks
FN:129,generateRocksInChunk
FN:164,generateTerrain
FN:176,generateTerrainInChunk
FN:195,generateVegetation
FN:210,generateVegetationInChunk
FN:232,generateResources
FN:249,generateResourcesInChunk
FN:269,getPlayerSpawn
FN:273,isWalkable
FNF:19
FNH:19
FNDA:42,<instance_members_initializer>
FNDA:42,SeededRandom
FNDA:5478,next
FNDA:2856,nextInt
FNDA:8,shuffle
FNDA:21,<instance_members_initializer>
FNDA:21,MapGenerator
FNDA:12,generate
FNDA:6,generateChunk
FNDA:12,generateRocks
FNDA:6,generateRocksInChunk
FNDA:12,generateTerrain
FNDA:6,generateTerrainInChunk
FNDA:12,generateVegetation
FNDA:6,generateVegetationInChunk
FNDA:12,generateResources
FNDA:6,generateResourcesInChunk
FNDA:12,getPlayerSpawn
FNDA:5,isWalkable
DA:1,1
DA:2,42
DA:4,42
DA:5,42
DA:6,42
DA:8,42
DA:9,5478
DA:10,5478
DA:11,5478
DA:13,42
DA:14,2856
DA:15,2856
DA:17,42
DA:18,8
DA:19,8
DA:20,49
DA:21,49
DA:22,49
DA:23,49
DA:24,49
DA:25,8
DA:26,8
DA:27,42
DA:63,1
DA:64,21
DA:65,21
DA:66,21
DA:68,21
DA:69,21
DA:70,21
DA:71,21
DA:73,21
DA:74,12
DA:75,12
DA:76,12
DA:77,12
DA:78,12
DA:80,12
DA:81,12
DA:83,21
DA:84,6
DA:85,6
DA:87,6
DA:88,6
DA:89,6
DA:90,6
DA:92,6
DA:93,6
DA:94,6
DA:95,6
DA:96,6
DA:97,6
DA:98,6
DA:99,6
DA:101,21
DA:102,12
DA:104,12
DA:105,240
DA:106,240
DA:108,240
DA:109,240
DA:111,240
DA:112,240
DA:113,2280
DA:114,2280
DA:115,0
DA:116,0
DA:117,0
DA:118,2280
DA:119,240
DA:121,240
DA:122,240
DA:123,240
DA:124,240
DA:126,12
DA:127,12
DA:129,21
DA:130,6
DA:131,6
DA:132,6
DA:133,6
DA:134,6
DA:135,6
DA:136,6
DA:137,6
DA:139,6
DA:140,48
DA:141,48
DA:143,48
DA:144,48
DA:146,46
DA:147,48
DA:148,154
DA:149,154
DA:150,0
DA:151,0
DA:152,0
DA:153,154
DA:154,46
DA:156,46
DA:157,46
DA:158,46
DA:159,46
DA:161,6
DA:162,6
DA:164,21
DA:165,12
DA:167,12
DA:168,144
DA:169,144
DA:170,144
DA:171,144
DA:172,144
DA:173,12
DA:174,12
DA:176,21
DA:177,6
DA:178,6
DA:179,6
DA:180,6
DA:181,6
DA:182,6
DA:183,6
DA:184,6
DA:186,6
DA:187,36
DA:188,36
DA:189,36
DA:190,36
DA:191,36
DA:192,6
DA:193,6
DA:195,21
DA:196,12
DA:197,12
DA:199,12
DA:200,360
DA:201,360
DA:202,360
DA:203,360
DA:204,360
DA:205,360
DA:207,12
DA:208,12
DA:210,21
DA:211,6
DA:212,6
DA:213,6
DA:214,6
DA:215,6
DA:216,6
DA:217,6
DA:218,6
DA:219,6
DA:221,6
DA:222,90
DA:223,90
DA:224,90
DA:225,90
DA:226,90
DA:227,90
DA:229,6
DA:230,6
DA:232,21
DA:233,12
DA:235,12
DA:236,180
DA:237,180
DA:239,180
DA:240,180
DA:242,180
DA:243,180
DA:244,180
DA:246,12
DA:247,12
DA:249,21
DA:250,6
DA:251,6
DA:252,6
DA:253,6
DA:254,6
DA:255,6
DA:256,6
DA:257,6
DA:259,6
DA:260,30
DA:261,30
DA:262,30
DA:263,30
DA:264,30
DA:266,6
DA:267,6
DA:269,21
DA:270,12
DA:271,12
DA:273,21
DA:274,5
DA:275,4
DA:276,4
DA:277,4
DA:278,3
DA:279,5
DA:280,21
LF:203
LH:197
BRDA:1,0,0,42
BRDA:4,1,0,42
BRDA:8,2,0,5478
BRDA:13,3,0,2856
BRDA:17,4,0,8
BRDA:19,5,0,49
BRDA:63,6,0,21
BRDA:68,7,0,21
BRDA:73,8,0,12
BRDA:83,9,0,6
BRDA:101,10,0,12
BRDA:104,11,0,240
BRDA:109,12,0,0
BRDA:112,13,0,2280
BRDA:114,14,0,0
BRDA:119,15,0,0
BRDA:129,16,0,6
BRDA:139,17,0,48
BRDA:144,18,0,2
BRDA:144,19,0,46
BRDA:147,20,0,154
BRDA:149,21,0,0
BRDA:153,22,0,46
BRDA:154,23,0,0
BRDA:154,24,0,46
BRDA:164,25,0,12
BRDA:167,26,0,144
BRDA:176,27,0,6
BRDA:186,28,0,36
BRDA:195,29,0,12
BRDA:199,30,0,360
BRDA:210,31,0,6
BRDA:221,32,0,90
BRDA:232,33,0,12
BRDA:235,34,0,180
BRDA:240,35,0,10
BRDA:240,36,0,170
BRDA:242,37,0,83
BRDA:242,38,0,87
BRDA:249,39,0,6
BRDA:259,40,0,30
BRDA:262,41,0,13
BRDA:262,42,0,17
BRDA:269,43,0,12
BRDA:273,44,0,5
BRDA:274,45,0,4
BRDA:276,46,0,2
BRDA:277,47,0,3
BRF:48
BRH:43
end_of_record
TN:
SF:src/systems/UIManager.ts
FN:1,<instance_members_initializer>
FN:5,UIManager
FN:11,createHUD
FN:41,addHUDStyles
FN:110,createPauseMenu
FN:125,createGameOverScreen
FN:140,addMenuStyles
FN:173,updateStats
FN:199,showPauseMenu
FN:203,hidePauseMenu
FN:207,showGameOver
FN:211,hideGameOver
FNF:12
FNH:12
FNDA:18,<instance_members_initializer>
FNDA:18,UIManager
FNDA:18,createHUD
FNDA:18,addHUDStyles
FNDA:18,createPauseMenu
FNDA:18,createGameOverScreen
FNDA:36,addMenuStyles
FNDA:9,updateStats
FNDA:2,showPauseMenu
FNDA:1,hidePauseMenu
FNDA:2,showGameOver
FNDA:1,hideGameOver
DA:1,1
DA:2,18
DA:3,18
DA:5,18
DA:6,18
DA:7,18
DA:8,18
DA:9,18
DA:11,18
DA:12,18
DA:13,18
DA:14,18
DA:36,18
DA:37,18
DA:38,18
DA:39,18
DA:41,18
DA:42,18
DA:43,18
DA:107,18
DA:108,18
DA:110,18
DA:111,18
DA:112,18
DA:113,18
DA:119,18
DA:120,18
DA:121,18
DA:122,18
DA:123,18
DA:125,18
DA:126,18
DA:127,18
DA:128,18
DA:134,18
DA:135,18
DA:136,18
DA:137,18
DA:138,18
DA:140,18
DA:141,36
DA:142,36
DA:143,36
DA:155,36
DA:160,36
DA:165,36
DA:170,36
DA:171,36
DA:173,18
DA:174,9
DA:175,9
DA:176,9
DA:177,9
DA:178,9
DA:179,9
DA:180,9
DA:181,9
DA:182,9
DA:183,9
DA:184,9
DA:185,9
DA:186,9
DA:187,9
DA:188,9
DA:190,9
DA:191,9
DA:192,9
DA:193,9
DA:194,9
DA:195,9
DA:196,9
DA:197,9
DA:199,18
DA:200,2
DA:201,2
DA:203,18
DA:204,1
DA:205,1
DA:207,18
DA:208,2
DA:209,2
DA:211,18
DA:212,1
DA:213,1
DA:214,18
LF:85
LH:85
BRDA:1,0,0,18
BRDA:5,1,0,18
BRDA:11,2,0,18
BRDA:41,3,0,18
BRDA:110,4,0,18
BRDA:125,5,0,18
BRDA:140,6,0,36
BRDA:173,7,0,9
BRDA:199,8,0,2
BRDA:203,9,0,1
BRDA:207,10,0,2
BRDA:211,11,0,1
BRF:12
BRH:12
end_of_record
